Usuario conectado: root a null (18:39:58)
Lista de prestamos: 
  -IdPrestamo: 3, IdLibro: 13, IdUsuario: 18, FechaPrestamo: 2024-01-19 19:41:22.0
  -IdPrestamo: 4, IdLibro: 13, IdUsuario: 17, FechaPrestamo: 2024-01-19 20:18:40.0
Seleccionados todos los libros. 
Seleccionadas todas las categorias. 
Libro modificado: Libro de Juaquin der beti | con id: 14
Seleccionados todos los libros. 
Seleccionados todos los libros. 
Seleccionadas todas las categorias. 
Libro modificado: Libro de Juaquin der beti | con id: 14
Seleccionados todos los libros. 
Lista de prestamos: 
  -IdPrestamo: 3, IdLibro: 13, IdUsuario: 18, FechaPrestamo: 2024-01-19 19:41:22.0
  -IdPrestamo: 4, IdLibro: 13, IdUsuario: 17, FechaPrestamo: 2024-01-19 20:18:40.0
Libro seleccionado: Libro de Juaquin der beti | con id: 13
Usuario seleccionado: HOLA Flores | con id: 17
Seleccionadas todas las categorias. 
Seleccionados todos los atributos de libro.
Lista de prestamos: 
  -IdPrestamo: 3, IdLibro: 13, IdUsuario: 18, FechaPrestamo: 2024-01-19 19:41:22.0
  -IdPrestamo: 4, IdLibro: 13, IdUsuario: 17, FechaPrestamo: 2024-01-19 20:18:40.0
Libro seleccionado: Libro de Juaquin der beti | con id: 13
Usuario seleccionado: Antoniod payasoo | con id: 18
Seleccionadas todas las categorias. 
Seleccionados todos los libros. 
Libro seleccionado: Libro de Juaquin der beti | con id: 13
Usuario seleccionado: Antoniod payasoo | con id: 18
Seleccionados todos los atributos de libro.
Libro seleccionado: Libro de Juaquin der beti | con id: 14
Usuario seleccionado: Antoniod payasoo | con id: 18
Prestamo modificado: IdPrestamo: 3, IdLibro: 14, IdUsuario: 18, FechaPrestamo: 2024-01-19 19:41:22.0
Lista de prestamos: 
  -IdPrestamo: 3, IdLibro: 14, IdUsuario: 18, FechaPrestamo: 2024-01-19 19:41:22.0
  -IdPrestamo: 4, IdLibro: 13, IdUsuario: 17, FechaPrestamo: 2024-01-19 20:18:40.0
Seleccionados todos los usuarios.
Seleccionados todos los usuarios.
Usuario modificado: Rafael GPTA | con id: 24
Seleccionadas todas las categorias. 
Usuario conectado: root a null (18:46:15)
Usuario conectado: root a null (18:47:24)
Lista de prestamos: 
  -IdPrestamo: 3, IdLibro: 14, IdUsuario: 18, FechaPrestamo: 2024-01-19 19:41:22.0
  -IdPrestamo: 4, IdLibro: 13, IdUsuario: 17, FechaPrestamo: 2024-01-19 20:18:40.0
Libro seleccionado: Libro de Juaquin der beti | con id: 13
Usuario seleccionado: HOLA Flores | con id: 17
Seleccionadas todas las categorias. 
Seleccionados todos los libros. 
Libro seleccionado: Libro de Juaquin der beti | con id: 14
Usuario seleccionado: HOLA Flores | con id: 17
Seleccionados todos los libros. 
Libro seleccionado: adsasd | con id: 15
Usuario seleccionado: HOLA Flores | con id: 17
Seleccionados todos los atributos de libro.
Libro seleccionado: Libro de Juaquin der beti | con id: 13
Usuario seleccionado: HOLA Flores | con id: 17
Prestamo modificado: IdPrestamo: 4, IdLibro: 13, IdUsuario: 17, FechaPrestamo: 2024-01-19 20:18:40.0
Lista de prestamos: 
  -IdPrestamo: 3, IdLibro: 14, IdUsuario: 18, FechaPrestamo: 2024-01-19 19:41:22.0
  -IdPrestamo: 4, IdLibro: 13, IdUsuario: 17, FechaPrestamo: 2024-01-19 20:18:40.0
Usuario conectado: root a null (18:52:56)
Seleccionados todos los libros. 
Seleccionadas todas las categorias. 
